<?xml version="1.0" encoding="UTF-8"?>
<!-- Generated by org.testng.reporters.JUnitXMLReporter -->
<testsuite ignored="0" hostname="Dharshu2528971" failures="0" tests="5" name="Default test" time="15.285" errors="0" timestamp="2022-10-21T02:31:17 IST">
  <testcase classname="com.example.demo.Automation" name="AdminLogin" time="1.826"/>
  <testcase classname="com.example.demo.Automation" name="AdminRegister" time="0.421"/>
  <testcase classname="com.example.demo.Automation" name="CarRegistration" time="0.687"/>
  <testcase classname="com.example.demo.Automation" name="UserLogin" time="0.293"/>
  <testcase classname="com.example.demo.Automation" name="UserRegistration" time="9.599"/>
</testsuite> <!-- Default test -->
